

Version:	3.5
CmdLine:	C:\Users\HAWAI\git\openz-csv-connector\openz-csv-import\connector.exe --l4j-debug
WOW64:		yes
Working dir:	C:\Users\HAWAI\git\openz-csv-connector\openz-csv-import\.
64-bit search:	SOFTWARE\JavaSoft\Java Runtime Environment...
Check:		SOFTWARE\JavaSoft\Java Runtime Environment\1.8
Check launcher:	C:\Program Files\Java\jre1.8.0_25\bin\javaw.exe (OK)
Match:		1.8
Check:		SOFTWARE\JavaSoft\Java Runtime Environment\1.8.0_25
Check launcher:	C:\Program Files\Java\jre1.8.0_25\bin\javaw.exe (OK)
Match:		1.8.0_25
64-bit search:	SOFTWARE\JavaSoft\Java Development Kit...
Check:		SOFTWARE\JavaSoft\Java Development Kit\1.8
Ignore:		1.8
Check:		SOFTWARE\JavaSoft\Java Development Kit\1.8.0_25
Ignore:		1.8.0_25
Runtime used:	1.8.0_25 (64-bit)
Launcher:	C:\Program Files\Java\jre1.8.0_25\bin\javaw.exe
Launcher args:	-jar "C:\Users\HAWAI\git\openz-csv-connector\openz-csv-import\connector.exe"
Args length:	76/32768 chars
Exit code:	0


Version:	3.5
CmdLine:	C:\Users\HAWAI\git\openz-csv-connector\openz-csv-import\connector.exe --l4j-debug
WOW64:		yes
Working dir:	C:\Users\HAWAI\git\openz-csv-connector\openz-csv-import\.
64-bit search:	SOFTWARE\JavaSoft\Java Runtime Environment...
Check:		SOFTWARE\JavaSoft\Java Runtime Environment\1.8
Check launcher:	C:\Program Files\Java\jre1.8.0_25\bin\javaw.exe (OK)
Match:		1.8
Check:		SOFTWARE\JavaSoft\Java Runtime Environment\1.8.0_25
Check launcher:	C:\Program Files\Java\jre1.8.0_25\bin\javaw.exe (OK)
Match:		1.8.0_25
64-bit search:	SOFTWARE\JavaSoft\Java Development Kit...
Check:		SOFTWARE\JavaSoft\Java Development Kit\1.8
Ignore:		1.8
Check:		SOFTWARE\JavaSoft\Java Development Kit\1.8.0_25
Ignore:		1.8.0_25
Runtime used:	1.8.0_25 (64-bit)
Launcher:	C:\Program Files\Java\jre1.8.0_25\bin\javaw.exe
Launcher args:	-jar "C:\Users\HAWAI\git\openz-csv-connector\openz-csv-import\connector.jar"
Args length:	76/32768 chars
Exit code:	1


Version:	3.5
CmdLine:	C:\Users\HAWAI\git\openz-csv-connector\openz-csv-import\connector.exe --l4j-debug
WOW64:		yes
Working dir:	C:\Users\HAWAI\git\openz-csv-connector\openz-csv-import\.
64-bit search:	SOFTWARE\JavaSoft\Java Runtime Environment...
Check:		SOFTWARE\JavaSoft\Java Runtime Environment\1.8
Check launcher:	C:\Program Files\Java\jre1.8.0_25\bin\javaw.exe (OK)
Match:		1.8
Check:		SOFTWARE\JavaSoft\Java Runtime Environment\1.8.0_25
Check launcher:	C:\Program Files\Java\jre1.8.0_25\bin\javaw.exe (OK)
Match:		1.8.0_25
64-bit search:	SOFTWARE\JavaSoft\Java Development Kit...
Check:		SOFTWARE\JavaSoft\Java Development Kit\1.8
Ignore:		1.8
Check:		SOFTWARE\JavaSoft\Java Development Kit\1.8.0_25
Ignore:		1.8.0_25
Runtime used:	1.8.0_25 (64-bit)
Launcher:	C:\Program Files\Java\jre1.8.0_25\bin\javaw.exe
Launcher args:	-jar "C:\Users\HAWAI\git\openz-csv-connector\openz-csv-import\connector.jar"
Args length:	76/32768 chars
Exit code:	0


Version:	3.5
CmdLine:	C:\Users\HAWAI\git\openz-csv-connector\openz-csv-import\connector.exe --l4j-debug
WOW64:		yes
Working dir:	C:\Users\HAWAI\git\openz-csv-connector\openz-csv-import\.
64-bit search:	SOFTWARE\JavaSoft\Java Runtime Environment...
Check:		SOFTWARE\JavaSoft\Java Runtime Environment\1.8
Check launcher:	C:\Program Files\Java\jre1.8.0_25\bin\javaw.exe (OK)
Match:		1.8
Check:		SOFTWARE\JavaSoft\Java Runtime Environment\1.8.0_25
Check launcher:	C:\Program Files\Java\jre1.8.0_25\bin\javaw.exe (OK)
Match:		1.8.0_25
64-bit search:	SOFTWARE\JavaSoft\Java Development Kit...
Check:		SOFTWARE\JavaSoft\Java Development Kit\1.8
Ignore:		1.8
Check:		SOFTWARE\JavaSoft\Java Development Kit\1.8.0_25
Ignore:		1.8.0_25
Runtime used:	1.8.0_25 (64-bit)
Launcher:	C:\Program Files\Java\jre1.8.0_25\bin\javaw.exe
Launcher args:	-jar "C:\Users\HAWAI\git\openz-csv-connector\openz-csv-import\connector.jar"
Args length:	76/32768 chars
Exit code:	0


Version:	3.5
CmdLine:	C:\Users\HAWAI\git\openz-csv-connector\openz-csv-import\connector.exe --l4j-debug
WOW64:		yes
Working dir:	C:\Users\HAWAI\git\openz-csv-connector\openz-csv-import\.
64-bit search:	SOFTWARE\JavaSoft\Java Runtime Environment...
Check:		SOFTWARE\JavaSoft\Java Runtime Environment\1.8
Check launcher:	C:\Program Files\Java\jre1.8.0_25\bin\javaw.exe (OK)
Match:		1.8
Check:		SOFTWARE\JavaSoft\Java Runtime Environment\1.8.0_25
Check launcher:	C:\Program Files\Java\jre1.8.0_25\bin\javaw.exe (OK)
Match:		1.8.0_25
64-bit search:	SOFTWARE\JavaSoft\Java Development Kit...
Check:		SOFTWARE\JavaSoft\Java Development Kit\1.8
Ignore:		1.8
Check:		SOFTWARE\JavaSoft\Java Development Kit\1.8.0_25
Ignore:		1.8.0_25
Runtime used:	1.8.0_25 (64-bit)
Launcher:	C:\Program Files\Java\jre1.8.0_25\bin\javaw.exe
Launcher args:	-jar "C:\Users\HAWAI\git\openz-csv-connector\openz-csv-import\connector.jar" > %UserProfile%\Desktop\log.txt
Args length:	108/32768 chars
Error msg:	An error occurred while starting the application.


Version:	3.5
CmdLine:	C:\Users\HAWAI\git\openz-csv-connector\openz-csv-import\connector.exe --l4j-debug
WOW64:		yes
Working dir:	C:\Users\HAWAI\git\openz-csv-connector\openz-csv-import\.
64-bit search:	SOFTWARE\JavaSoft\Java Runtime Environment...
Check:		SOFTWARE\JavaSoft\Java Runtime Environment\1.8
Check launcher:	C:\Program Files\Java\jre1.8.0_25\bin\javaw.exe (OK)
Match:		1.8
Check:		SOFTWARE\JavaSoft\Java Runtime Environment\1.8.0_25
Check launcher:	C:\Program Files\Java\jre1.8.0_25\bin\javaw.exe (OK)
Match:		1.8.0_25
64-bit search:	SOFTWARE\JavaSoft\Java Development Kit...
Check:		SOFTWARE\JavaSoft\Java Development Kit\1.8
Ignore:		1.8
Check:		SOFTWARE\JavaSoft\Java Development Kit\1.8.0_25
Ignore:		1.8.0_25
Runtime used:	1.8.0_25 (64-bit)
Launcher:	C:\Program Files\Java\jre1.8.0_25\bin\javaw.exe
Launcher args:	-jar "C:\Users\HAWAI\git\openz-csv-connector\openz-csv-import\connector.jar" > %UserProfile%\Desktop\log.txt
Args length:	108/32768 chars
Error msg:	An error occurred while starting the application.


Version:	3.5
CmdLine:	C:\Users\HAWAI\git\openz-csv-connector\openz-csv-import\connector.exe --l4j-debug
WOW64:		yes
Working dir:	C:\Users\HAWAI\git\openz-csv-connector\openz-csv-import\.
64-bit search:	SOFTWARE\JavaSoft\Java Runtime Environment...
Check:		SOFTWARE\JavaSoft\Java Runtime Environment\1.8
Check launcher:	C:\Program Files\Java\jre1.8.0_25\bin\javaw.exe (OK)
Match:		1.8
Check:		SOFTWARE\JavaSoft\Java Runtime Environment\1.8.0_25
Check launcher:	C:\Program Files\Java\jre1.8.0_25\bin\javaw.exe (OK)
Match:		1.8.0_25
64-bit search:	SOFTWARE\JavaSoft\Java Development Kit...
Check:		SOFTWARE\JavaSoft\Java Development Kit\1.8
Ignore:		1.8
Check:		SOFTWARE\JavaSoft\Java Development Kit\1.8.0_25
Ignore:		1.8.0_25
Runtime used:	1.8.0_25 (64-bit)
Launcher:	C:\Program Files\Java\jre1.8.0_25\bin\javaw.exe
Launcher args:	-jar "C:\Users\HAWAI\git\openz-csv-connector\openz-csv-import\connector.jar"
Args length:	76/32768 chars
Exit code:	259
